  MusicVis.cpp
C:\Users\Aom92\source\repos\MusicVis2\MusicVis2\MusicVis.cpp(278,34): warning C4834: discarding return value of function with 'nodiscard' attribute
C:\Users\Aom92\source\repos\MusicVis2\MusicVis2\MusicVis.cpp(287,26): warning C4244: 'initializing': conversion from 'double' to 'float', possible loss of data
C:\Users\Aom92\source\repos\MusicVis2\MusicVis2\MusicVis.cpp(295,62): warning C4838: conversion from 'short' to 'float' requires a narrowing conversion
C:\Users\Aom92\source\repos\MusicVis2\MusicVis2\MusicVis.cpp(297,62): warning C4838: conversion from 'short' to 'float' requires a narrowing conversion
C:\Users\Aom92\source\repos\MusicVis2\MusicVis2\MusicVis.cpp(299,62): warning C4838: conversion from 'short' to 'float' requires a narrowing conversion
C:\Users\Aom92\source\repos\MusicVis2\MusicVis2\MusicVis.cpp(301,62): warning C4838: conversion from 'short' to 'float' requires a narrowing conversion
C:\Users\Aom92\source\repos\MusicVis2\MusicVis2\MusicVis.cpp(303,62): warning C4838: conversion from 'short' to 'float' requires a narrowing conversion
C:\Users\Aom92\source\repos\MusicVis2\MusicVis2\MusicVis.cpp(308,52): warning C4838: conversion from 'short' to 'float' requires a narrowing conversion
C:\Users\Aom92\source\repos\MusicVis2\MusicVis2\MusicVis.cpp(310,52): warning C4838: conversion from 'short' to 'float' requires a narrowing conversion
C:\Users\Aom92\source\repos\MusicVis2\MusicVis2\MusicVis.cpp(312,52): warning C4838: conversion from 'short' to 'float' requires a narrowing conversion
C:\Users\Aom92\source\repos\MusicVis2\MusicVis2\MusicVis.cpp(314,52): warning C4838: conversion from 'short' to 'float' requires a narrowing conversion
C:\Users\Aom92\source\repos\MusicVis2\MusicVis2\MusicVis.cpp(316,52): warning C4838: conversion from 'short' to 'float' requires a narrowing conversion
C:\Users\Aom92\source\repos\MusicVis2\MusicVis2\MusicVis.cpp(325,34): warning C4018: '<': signed/unsigned mismatch
C:\Users\Aom92\source\repos\MusicVis2\MusicVis2\MusicVis.cpp(342,36): warning C4838: conversion from '_Ty' to 'float' requires a narrowing conversion
          with
          [
              _Ty=double
          ]
C:\Users\Aom92\source\repos\MusicVis2\MusicVis2\MusicVis.cpp(342,36): warning C4244: 'initializing': conversion from '_Ty' to 'float', possible loss of data
          with
          [
              _Ty=double
          ]
C:\Users\Aom92\source\repos\MusicVis2\MusicVis2\MusicVis.cpp(343,36): warning C4838: conversion from '_Ty' to 'float' requires a narrowing conversion
          with
          [
              _Ty=double
          ]
C:\Users\Aom92\source\repos\MusicVis2\MusicVis2\MusicVis.cpp(343,36): warning C4244: 'initializing': conversion from '_Ty' to 'float', possible loss of data
          with
          [
              _Ty=double
          ]
C:\Users\Aom92\source\repos\MusicVis2\MusicVis2\MusicVis.cpp(344,36): warning C4838: conversion from '_Ty' to 'float' requires a narrowing conversion
          with
          [
              _Ty=double
          ]
C:\Users\Aom92\source\repos\MusicVis2\MusicVis2\MusicVis.cpp(344,36): warning C4244: 'initializing': conversion from '_Ty' to 'float', possible loss of data
          with
          [
              _Ty=double
          ]
C:\Users\Aom92\source\repos\MusicVis2\MusicVis2\MusicVis.cpp(346,37): warning C4838: conversion from '_Ty' to 'float' requires a narrowing conversion
          with
          [
              _Ty=double
          ]
C:\Users\Aom92\source\repos\MusicVis2\MusicVis2\MusicVis.cpp(346,37): warning C4244: 'initializing': conversion from '_Ty' to 'float', possible loss of data
          with
          [
              _Ty=double
          ]
C:\Users\Aom92\source\repos\MusicVis2\MusicVis2\MusicVis.cpp(347,37): warning C4838: conversion from '_Ty' to 'float' requires a narrowing conversion
          with
          [
              _Ty=double
          ]
C:\Users\Aom92\source\repos\MusicVis2\MusicVis2\MusicVis.cpp(347,37): warning C4244: 'initializing': conversion from '_Ty' to 'float', possible loss of data
          with
          [
              _Ty=double
          ]
C:\Users\Aom92\source\repos\MusicVis2\MusicVis2\MusicVis.cpp(348,37): warning C4838: conversion from '_Ty' to 'float' requires a narrowing conversion
          with
          [
              _Ty=double
          ]
C:\Users\Aom92\source\repos\MusicVis2\MusicVis2\MusicVis.cpp(348,37): warning C4244: 'initializing': conversion from '_Ty' to 'float', possible loss of data
          with
          [
              _Ty=double
          ]
C:\Users\Aom92\source\repos\MusicVis2\MusicVis2\MusicVis.cpp(354,37): warning C4018: '>=': signed/unsigned mismatch
C:\Users\Aom92\source\repos\MusicVis2\MusicVis2\MusicVis.cpp(356,25): warning C4244: 'initializing': conversion from 'double' to 'float', possible loss of data
C:\Users\Aom92\source\repos\MusicVis2\MusicVis2\MusicVis.cpp(395,33): warning C4244: '=': conversion from 'double' to 'float', possible loss of data
C:\Users\Aom92\source\repos\MusicVis2\MusicVis2\MusicVis.cpp(448,82): warning C4305: 'argument': truncation from 'double' to 'GLfloat'
C:\Users\Aom92\source\repos\MusicVis2\MusicVis2\MusicVis.cpp(469,29): warning C4018: '>=': signed/unsigned mismatch
C:\Users\Aom92\source\repos\MusicVis2\MusicVis2\MusicVis.cpp(566,36): warning C4834: discarding return value of function with 'nodiscard' attribute
C:\Users\Aom92\source\repos\MusicVis2\MusicVis2\MusicVis.cpp(639,17): warning C4244: '=': conversion from 'double' to 'GLfloat', possible loss of data
C:\Users\Aom92\source\repos\MusicVis2\MusicVis2\MusicVis.cpp(640,17): warning C4244: '=': conversion from 'double' to 'GLfloat', possible loss of data
C:\Users\Aom92\source\repos\MusicVis2\MusicVis2\MusicVis.cpp(644,21): warning C4244: 'initializing': conversion from 'double' to 'GLfloat', possible loss of data
C:\Users\Aom92\source\repos\MusicVis2\MusicVis2\MusicVis.cpp(645,21): warning C4244: 'initializing': conversion from 'double' to 'GLfloat', possible loss of data
C:\Users\Aom92\source\repos\MusicVis2\MusicVis2\MusicVis.cpp(647,13): warning C4244: '=': conversion from 'double' to 'GLfloat', possible loss of data
C:\Users\Aom92\source\repos\MusicVis2\MusicVis2\MusicVis.cpp(648,13): warning C4244: '=': conversion from 'double' to 'GLfloat', possible loss of data
  MusicVis2.vcxproj -> C:\Users\Aom92\source\repos\MusicVis2\Debug\MusicVis2.exe
